{"name": "test_adduser01[getuserinfo2]", "status": "broken", "statusDetails": {"message": "selenium.common.exceptions.TimeoutException: Message:", "trace": "self = <testcase.test_adduser.Test_add object at 0x000001B23A23D550>\ngetuserinfo = ['周栒2', 'zx3', 3, '测试开发003', '125583359@qq.com']\n\n    def test_adduser01(self,getuserinfo):\n        data=getuserinfo\n    \n        with allure.step('点击添加用户'):\n    \n            a = expected_conditions.element_to_be_clickable((By.XPATH, '//*[@id=\"js_contacts49\"]/div/div[2]/div/div[2]/div[3]/div[9]/a[1]'))\n>           WebDriverWait(self.driver,10).until(a)\n\ntestcase\\test_adduser.py:38: \n_ _ _ _ _ _ _ _ _ _ _ _ _ _ _ _ _ _ _ _ _ _ _ _ _ _ _ _ _ _ _ _ _ _ _ _ _ _ _ _\n\nself = <selenium.webdriver.support.wait.WebDriverWait (session=\"b7d3a3c01d746d19a86109079a2dd434\")>\nmethod = <selenium.webdriver.support.expected_conditions.element_to_be_clickable object at 0x000001B23A2C43D0>\nmessage = ''\n\n    def until(self, method, message=''):\n        \"\"\"Calls the method provided with the driver as an argument until the \\\n        return value is not False.\"\"\"\n        screen = None\n        stacktrace = None\n    \n        end_time = time.time() + self._timeout\n        while True:\n            try:\n                value = method(self._driver)\n                if value:\n                    return value\n            except self._ignored_exceptions as exc:\n                screen = getattr(exc, 'screen', None)\n                stacktrace = getattr(exc, 'stacktrace', None)\n            time.sleep(self._poll)\n            if time.time() > end_time:\n                break\n>       raise TimeoutException(message, screen, stacktrace)\nE       selenium.common.exceptions.TimeoutException: Message:\n\nC:\\Users\\Panasonic CF-NX4\\AppData\\Roaming\\Python\\Python39\\site-packages\\selenium\\webdriver\\support\\wait.py:80: TimeoutException"}, "steps": [{"name": "点击添加用户", "status": "broken", "statusDetails": {"message": "selenium.common.exceptions.TimeoutException: Message: \n\n", "trace": "  File \"E:\\webuiauto\\testcase\\test_adduser.py\", line 38, in test_adduser01\n    WebDriverWait(self.driver,10).until(a)\n  File \"C:\\Users\\Panasonic CF-NX4\\AppData\\Roaming\\Python\\Python39\\site-packages\\selenium\\webdriver\\support\\wait.py\", line 80, in until\n    raise TimeoutException(message, screen, stacktrace)\n"}, "start": 1624890384952, "stop": 1624890395267}], "parameters": [{"name": "getuserinfo", "value": "['周栒2', 'zx3', 3, '测试开发003', '125583359@qq.com']"}], "start": 1624890384952, "stop": 1624890395267, "uuid": "fbd68b6d-5af9-4ff8-b3b7-47a04322dd98", "historyId": "f946b8439b0d24a0812adad31d95272c", "testCaseId": "8a791109a3f5408af76baa51cccc3461", "fullName": "testcase.test_adduser.Test_add#test_adduser01", "labels": [{"name": "feature", "value": "企业微信web自动化测试"}, {"name": "parentSuite", "value": "testcase"}, {"name": "suite", "value": "test_adduser"}, {"name": "subSuite", "value": "Test_add"}, {"name": "host", "value": "DESKTOP-DTAGS45"}, {"name": "thread", "value": "996-MainThread"}, {"name": "framework", "value": "pytest"}, {"name": "language", "value": "cpython3"}, {"name": "package", "value": "testcase.test_adduser"}]}