{
  "uid" : "5f1ffa2e819ba14",
  "name" : "test_adduser01[getuserinfo0]",
  "fullName" : "testcase.test_adduser.Test_add#test_adduser01",
  "historyId" : "eb5c4930cb758b2a98e1b33f2791399a",
  "time" : {
    "start" : 1624890937732,
    "stop" : 1624890948204,
    "duration" : 10472
  },
  "status" : "broken",
  "statusMessage" : "selenium.common.exceptions.TimeoutException: Message:",
  "statusTrace" : "self = <testcase.test_adduser.Test_add object at 0x0000019357567160>\ngetuserinfo = ['周栒0', 'zx1', 1, '测试开发001', '1255783359@qq.com']\n\n    def test_adduser01(self,getuserinfo):\n        data=getuserinfo\n    \n        with allure.step('点击添加用户'):\n    \n            a = expected_conditions.element_to_be_clickable((By.LINK_TEXT, '//*[@id=\"js_contacts52\"]/div/div[2]/div/div[2]/div[3]/div[1]/a[1]'))\n>           WebDriverWait(self.driver,10).until(a)\n\ntestcase\\test_adduser.py:38: \n_ _ _ _ _ _ _ _ _ _ _ _ _ _ _ _ _ _ _ _ _ _ _ _ _ _ _ _ _ _ _ _ _ _ _ _ _ _ _ _\n\nself = <selenium.webdriver.support.wait.WebDriverWait (session=\"18d884c3c2a47e4b5e9caee14f1a83e6\")>\nmethod = <selenium.webdriver.support.expected_conditions.element_to_be_clickable object at 0x00000193575D75B0>\nmessage = ''\n\n    def until(self, method, message=''):\n        \"\"\"Calls the method provided with the driver as an argument until the \\\n        return value is not False.\"\"\"\n        screen = None\n        stacktrace = None\n    \n        end_time = time.time() + self._timeout\n        while True:\n            try:\n                value = method(self._driver)\n                if value:\n                    return value\n            except self._ignored_exceptions as exc:\n                screen = getattr(exc, 'screen', None)\n                stacktrace = getattr(exc, 'stacktrace', None)\n            time.sleep(self._poll)\n            if time.time() > end_time:\n                break\n>       raise TimeoutException(message, screen, stacktrace)\nE       selenium.common.exceptions.TimeoutException: Message:\n\nC:\\Users\\Panasonic CF-NX4\\AppData\\Roaming\\Python\\Python39\\site-packages\\selenium\\webdriver\\support\\wait.py:80: TimeoutException",
  "flaky" : false,
  "newFailed" : false,
  "beforeStages" : [ {
    "name" : "getuserinfo",
    "time" : {
      "start" : 1624890926240,
      "stop" : 1624890926240,
      "duration" : 0
    },
    "status" : "passed",
    "steps" : [ ],
    "attachments" : [ ],
    "parameters" : [ ],
    "attachmentsCount" : 0,
    "shouldDisplayMessage" : false,
    "stepsCount" : 0,
    "hasContent" : false
  } ],
  "testStage" : {
    "status" : "broken",
    "statusMessage" : "selenium.common.exceptions.TimeoutException: Message:",
    "statusTrace" : "self = <testcase.test_adduser.Test_add object at 0x0000019357567160>\ngetuserinfo = ['周栒0', 'zx1', 1, '测试开发001', '1255783359@qq.com']\n\n    def test_adduser01(self,getuserinfo):\n        data=getuserinfo\n    \n        with allure.step('点击添加用户'):\n    \n            a = expected_conditions.element_to_be_clickable((By.LINK_TEXT, '//*[@id=\"js_contacts52\"]/div/div[2]/div/div[2]/div[3]/div[1]/a[1]'))\n>           WebDriverWait(self.driver,10).until(a)\n\ntestcase\\test_adduser.py:38: \n_ _ _ _ _ _ _ _ _ _ _ _ _ _ _ _ _ _ _ _ _ _ _ _ _ _ _ _ _ _ _ _ _ _ _ _ _ _ _ _\n\nself = <selenium.webdriver.support.wait.WebDriverWait (session=\"18d884c3c2a47e4b5e9caee14f1a83e6\")>\nmethod = <selenium.webdriver.support.expected_conditions.element_to_be_clickable object at 0x00000193575D75B0>\nmessage = ''\n\n    def until(self, method, message=''):\n        \"\"\"Calls the method provided with the driver as an argument until the \\\n        return value is not False.\"\"\"\n        screen = None\n        stacktrace = None\n    \n        end_time = time.time() + self._timeout\n        while True:\n            try:\n                value = method(self._driver)\n                if value:\n                    return value\n            except self._ignored_exceptions as exc:\n                screen = getattr(exc, 'screen', None)\n                stacktrace = getattr(exc, 'stacktrace', None)\n            time.sleep(self._poll)\n            if time.time() > end_time:\n                break\n>       raise TimeoutException(message, screen, stacktrace)\nE       selenium.common.exceptions.TimeoutException: Message:\n\nC:\\Users\\Panasonic CF-NX4\\AppData\\Roaming\\Python\\Python39\\site-packages\\selenium\\webdriver\\support\\wait.py:80: TimeoutException",
    "steps" : [ {
      "name" : "点击添加用户",
      "time" : {
        "start" : 1624890937732,
        "stop" : 1624890948204,
        "duration" : 10472
      },
      "status" : "broken",
      "statusMessage" : "selenium.common.exceptions.TimeoutException: Message: \n\n",
      "statusTrace" : "  File \"E:\\webuiauto\\testcase\\test_adduser.py\", line 38, in test_adduser01\n    WebDriverWait(self.driver,10).until(a)\n  File \"C:\\Users\\Panasonic CF-NX4\\AppData\\Roaming\\Python\\Python39\\site-packages\\selenium\\webdriver\\support\\wait.py\", line 80, in until\n    raise TimeoutException(message, screen, stacktrace)\n",
      "steps" : [ ],
      "attachments" : [ ],
      "parameters" : [ ],
      "attachmentsCount" : 0,
      "shouldDisplayMessage" : true,
      "stepsCount" : 0,
      "hasContent" : true
    } ],
    "attachments" : [ ],
    "parameters" : [ ],
    "attachmentsCount" : 0,
    "shouldDisplayMessage" : true,
    "stepsCount" : 1,
    "hasContent" : true
  },
  "afterStages" : [ ],
  "labels" : [ {
    "name" : "feature",
    "value" : "企业微信web自动化测试"
  }, {
    "name" : "parentSuite",
    "value" : "testcase"
  }, {
    "name" : "suite",
    "value" : "test_adduser"
  }, {
    "name" : "subSuite",
    "value" : "Test_add"
  }, {
    "name" : "host",
    "value" : "DESKTOP-DTAGS45"
  }, {
    "name" : "thread",
    "value" : "4268-MainThread"
  }, {
    "name" : "framework",
    "value" : "pytest"
  }, {
    "name" : "language",
    "value" : "cpython3"
  }, {
    "name" : "package",
    "value" : "testcase.test_adduser"
  }, {
    "name" : "resultFormat",
    "value" : "allure2"
  } ],
  "parameters" : [ {
    "name" : "getuserinfo",
    "value" : "['周栒0', 'zx1', 1, '测试开发001', '1255783359@qq.com']"
  } ],
  "links" : [ ],
  "hidden" : true,
  "retry" : true,
  "extra" : {
    "categories" : [ ],
    "tags" : [ ]
  },
  "source" : "5f1ffa2e819ba14.json",
  "parameterValues" : [ "['周栒0', 'zx1', 1, '测试开发001', '1255783359@qq.com']" ]
}